<?xml version="1.0" encoding="UTF-8"?>
<testng-results ignored="0" total="1" passed="1" failed="0" skipped="0">
  <reporter-output>
  </reporter-output>
  <suite started-at="2022-06-19T14:11:35Z" name="Suite" finished-at="2022-06-19T14:11:49Z" duration-ms="14034">
    <groups>
    </groups>
    <test started-at="2022-06-19T14:11:35Z" name="Test" finished-at="2022-06-19T14:11:49Z" duration-ms="14034">
      <class name="com.LMAUTOmation.APMAutomation.cases.TestCase1">
        <test-method is-config="true" signature="createScreenshotfolder(org.testng.ITestContext)[pri:0, instance:com.LMAUTOmation.APMAutomation.cases.TestCase1@d8305c2]" started-at="2022-06-19T14:11:35Z" name="createScreenshotfolder" finished-at="2022-06-19T14:11:35Z" duration-ms="48" status="PASS">
          <params>
            <param index="0">
              <value>
                <![CDATA[org.testng.TestRunner@3a320ade]]>
              </value>
            </param>
          </params>
          <reporter-output>
          </reporter-output>
        </test-method> <!-- createScreenshotfolder -->
        <test-method is-config="true" signature="initializeBrowser()[pri:0, instance:com.LMAUTOmation.APMAutomation.cases.TestCase1@d8305c2]" started-at="2022-06-19T14:11:35Z" name="initializeBrowser" finished-at="2022-06-19T14:11:49Z" duration-ms="13558" status="PASS">
          <reporter-output>
          </reporter-output>
        </test-method> <!-- initializeBrowser -->
        <test-method is-config="true" signature="setup()[pri:0, instance:com.LMAUTOmation.APMAutomation.cases.TestCase1@d8305c2]" started-at="2022-06-19T14:11:49Z" name="setup" finished-at="2022-06-19T14:11:49Z" duration-ms="35" status="PASS">
          <reporter-output>
          </reporter-output>
        </test-method> <!-- setup -->
        <test-method signature="test1(java.lang.reflect.Method)[pri:0, instance:com.LMAUTOmation.APMAutomation.cases.TestCase1@d8305c2]" started-at="2022-06-19T14:11:49Z" name="test1" finished-at="2022-06-19T14:11:49Z" duration-ms="413" status="PASS">
          <params>
            <param index="0">
              <value>
                <![CDATA[public void com.LMAUTOmation.APMAutomation.cases.TestCase1.test1(java.lang.reflect.Method)]]>
              </value>
            </param>
          </params>
          <reporter-output>
          </reporter-output>
        </test-method> <!-- test1 -->
      </class> <!-- com.LMAUTOmation.APMAutomation.cases.TestCase1 -->
    </test> <!-- Test -->
  </suite> <!-- Suite -->
</testng-results>
